{"/Users/kalani/Desktop/Projects/wdv3322_projects/modularization_assignment/api/models/user.js": {"path":"/Users/kalani/Desktop/Projects/wdv3322_projects/modularization_assignment/api/models/user.js","statementMap":{"0":{"start":{"line":1,"column":17},"end":{"line":1,"column":36}},"1":{"start":{"line":3,"column":19},"end":{"line":31,"column":2}},"2":{"start":{"line":33,"column":0},"end":{"line":33,"column":51}}},"fnMap":{},"branchMap":{},"s":{"0":1,"1":1,"2":1},"f":{},"b":{},"_coverageSchema":"1a1c01bbd47fc00a2c39e90264f33305004495a9","hash":"01dbc2eb94d7c42e8b47fd259f8d5793e0c2a0e0"}
}
